<?xml version="1.0" encoding="UTF-8"?>
<testsuite xmlns:xsi="http://www.w3.org/2001/XMLSchema-instance" xsi:noNamespaceSchemaLocation="https://maven.apache.org/surefire/maven-surefire-plugin/xsd/surefire-test-report-3.0.xsd" version="3.0" name="com.openclassroom.testing.testing.CalculatorTest$TemperaturesTests" time="0.014" tests="18" errors="0" skipped="0" failures="0">
  <properties>
[...]
</properties>
  <testcase name="digitsSet_shouldReturnsTheSetOfDigits_ofPositiveInteger" classname="com.openclassroom.testing.testing.CalculatorTest" time="0.205">
    <system-out><![CDATA[Appel avant tous les tests
Appel avant chaque test
Appel après chaque test
]]></system-out>
  </testcase>
  <testcase name="multiplytwopositiveNumbers" classname="com.openclassroom.testing.testing.CalculatorTest" time="0.008">
    <system-out><![CDATA[Appel avant chaque test
Appel après chaque test
]]></system-out>
  </testcase>
  <testcase name="addTwoPositiveNumbers" classname="com.openclassroom.testing.testing.CalculatorTest" time="0.002">
    <system-out><![CDATA[Appel avant chaque test
Appel après chaque test
]]></system-out>
  </testcase>
  <testcase name="digitsSet_shouldReturnsTheSetOfZero_ofZero" classname="com.openclassroom.testing.testing.CalculatorTest" time="0.004">
    <system-out><![CDATA[Appel avant chaque test
Appel après chaque test
]]></system-out>
  </testcase>
  <testcase name="radiusToAreaOfCircle_returnsPi_whenWeHaveARadiusOfOne" classname="com.openclassroom.testing.testing.CalculatorTest" time="0.007">
    <system-out><![CDATA[Appel avant chaque test
Appel après chaque test
]]></system-out>
  </testcase>
  <testcase name="digitsSet_shouldReturnsTheSetOfDigits_ofNegatifInteger" classname="com.openclassroom.testing.testing.CalculatorTest" time="0.004">
    <system-out><![CDATA[Appel avant chaque test
Appel après chaque test
]]></system-out>
  </testcase>
  <testcase name="longCalcul_shouldComputeInLessThan1Second" classname="com.openclassroom.testing.testing.CalculatorTest" time="0.526">
    <system-out><![CDATA[Appel avant chaque test
Appel après chaque test
]]></system-out>
  </testcase>
  <testcase name="litresToGallons_returnsOneGallon_whenConvertingTheEquivalentLitres" classname="com.openclassroom.testing.testing.CalculatorTest" time="0.003">
    <system-out><![CDATA[Appel avant chaque test
Appel après chaque test
]]></system-out>
  </testcase>
  <testcase name="add_shouldReturnZeroWithMultipleIntegers(int, int, int)[1]" classname="com.openclassroom.testing.testing.CalculatorTest" time="0.039">
    <system-out><![CDATA[Appel avant chaque test
Appel après chaque test
]]></system-out>
  </testcase>
  <testcase name="add_shouldReturnZeroWithMultipleIntegers(int, int, int)[2]" classname="com.openclassroom.testing.testing.CalculatorTest" time="0.002">
    <system-out><![CDATA[Appel avant chaque test
Appel après chaque test
]]></system-out>
  </testcase>
  <testcase name="add_shouldReturnZeroWithMultipleIntegers(int, int, int)[3]" classname="com.openclassroom.testing.testing.CalculatorTest" time="0.003">
    <system-out><![CDATA[Appel avant chaque test
Appel après chaque test
]]></system-out>
  </testcase>
  <testcase name="multiply_shouldReturnZeroWithMultipleIntegers(int)[1]" classname="com.openclassroom.testing.testing.CalculatorTest" time="0.001">
    <system-out><![CDATA[Appel avant chaque test
Appel après chaque test
]]></system-out>
  </testcase>
  <testcase name="multiply_shouldReturnZeroWithMultipleIntegers(int)[2]" classname="com.openclassroom.testing.testing.CalculatorTest" time="0.004">
    <system-out><![CDATA[Appel avant chaque test
Appel après chaque test
]]></system-out>
  </testcase>
  <testcase name="multiply_shouldReturnZeroWithMultipleIntegers(int)[3]" classname="com.openclassroom.testing.testing.CalculatorTest" time="0.003">
    <system-out><![CDATA[Appel avant chaque test
Appel après chaque test
]]></system-out>
  </testcase>
  <testcase name="multiply_shouldReturnZeroWithMultipleIntegers(int)[4]" classname="com.openclassroom.testing.testing.CalculatorTest" time="0.002">
    <system-out><![CDATA[Appel avant chaque test
Appel après chaque test
]]></system-out>
  </testcase>
  <testcase name="multiply_shouldReturnZeroWithMultipleIntegers(int)[5]" classname="com.openclassroom.testing.testing.CalculatorTest" time="0.006">
    <system-out><![CDATA[Appel avant chaque test
Appel après chaque test
]]></system-out>
  </testcase>
  <testcase name="celciusTofahrenheit_returnsFahrenheitTemperature_whenCelciusIsZero" classname="com.openclassroom.testing.testing.CalculatorTest$TemperaturesTests" time="0.003">
    <system-out><![CDATA[Appel avant chaque test
Appel après chaque test
]]></system-out>
  </testcase>
  <testcase name="fahrenheitToCelcius_returnsZeroCelciusTemperature_whenThirtyTwo" classname="com.openclassroom.testing.testing.CalculatorTest$TemperaturesTests" time="0.003">
    <system-out><![CDATA[Appel avant chaque test
Appel après chaque test
]]></system-out>
  </testcase>
</testsuite>